02/05/2024 18:21:55	This log contains information about the import schema operation into project 'Database1' on computer 'DESKTOP-98QJDF1' by user 'gabri'.
02/05/2024 18:21:55	Import of database schema has started.
02/05/2024 18:22:01	Gathering database credentials
02/05/2024 18:22:01	Gathering database options
02/05/2024 18:22:01	Gathering generic database scoped configuration option
02/05/2024 18:22:01	Gathering users
02/05/2024 18:22:01	Gathering roles
02/05/2024 18:22:01	Gathering application roles
02/05/2024 18:22:01	Gathering role memberships
02/05/2024 18:22:01	Gathering filegroups
02/05/2024 18:22:01	Gathering files
02/05/2024 18:22:01	Gathering full-text catalogs
02/05/2024 18:22:01	Gathering assemblies
02/05/2024 18:22:01	Gathering certificates
02/05/2024 18:22:01	Gathering asymmetric keys
02/05/2024 18:22:01	Gathering symmetric keys
02/05/2024 18:22:01	Gathering encrypted symmetric keys
02/05/2024 18:22:01	Gathering database encryption keys
02/05/2024 18:22:01	Gathering schemas
02/05/2024 18:22:01	Gathering XML schema collections
02/05/2024 18:22:01	Gathering user-defined data types
02/05/2024 18:22:01	Gathering user-defined types
02/05/2024 18:22:01	Gathering table types
02/05/2024 18:22:01	Gathering unique keys for table types
02/05/2024 18:22:02	Gathering primary keys for table types
02/05/2024 18:22:02	Gathering indexes for table types
02/05/2024 18:22:02	Gathering check constraints for table types
02/05/2024 18:22:02	Gathering default constraints for table types
02/05/2024 18:22:02	Gathering partition functions
02/05/2024 18:22:02	Gathering partition schemes
02/05/2024 18:22:02	Gathering functions
02/05/2024 18:22:02	Gathering encrypted functions
02/05/2024 18:22:02	Gathering aggregates
02/05/2024 18:22:02	Gathering procedures
02/05/2024 18:22:02	Gathering encrypted procedures
02/05/2024 18:22:02	Gathering tables
02/05/2024 18:22:18	Gathering primary keys
02/05/2024 18:22:18	Gathering unique constraints
02/05/2024 18:22:18	Gathering foreign keys
02/05/2024 18:22:18	Gathering default constraints
02/05/2024 18:22:18	Gathering check constraints
02/05/2024 18:22:18	Gathering views
02/05/2024 18:22:18	Gathering encrypted views
02/05/2024 18:22:18	Gathering indexes
02/05/2024 18:22:18	Gathering statistics
02/05/2024 18:22:18	Gathering full-text index stoplists
02/05/2024 18:22:18	Gathering search property lists
02/05/2024 18:22:18	Gathering search properties
02/05/2024 18:22:18	Gathering full-text indexes
02/05/2024 18:22:18	Gathering column store indexes
02/05/2024 18:22:18	Gathering spatial indexes
02/05/2024 18:22:18	Gathering XML indexes
02/05/2024 18:22:18	Gathering Selective XML indexes
02/05/2024 18:22:19	Gathering encrypted triggers
02/05/2024 18:22:19	Gathering triggers
02/05/2024 18:22:19	Gathering encrypted and clr ddl triggers
02/05/2024 18:22:19	Gathering ddl triggers
02/05/2024 18:22:19	Creating edge constraints
02/05/2024 18:22:19	Gathering synonyms
02/05/2024 18:22:19	Gathering defaults
02/05/2024 18:22:19	Gathering data constraint uddt bindings
02/05/2024 18:22:19	Gathering rules
02/05/2024 18:22:19	Gathering data constraint uddt bindings
02/05/2024 18:22:19	Gathering message types
02/05/2024 18:22:19	Gathering queues
02/05/2024 18:22:19	Gathering contracts
02/05/2024 18:22:19	Gathering services
02/05/2024 18:22:19	Gathering routes
02/05/2024 18:22:19	Gathering event notifications
02/05/2024 18:22:19	Gathering remote service bindings
02/05/2024 18:22:19	Gathering broker priorities
02/05/2024 18:22:19	Gathering database audit specifications
02/05/2024 18:22:19	Gathering signatures
02/05/2024 18:22:19	Gathering data compression options
02/05/2024 18:22:19	Gathering sequence types
02/05/2024 18:22:19	Gathering security policies
02/05/2024 18:22:19	Gather column encryption keys
02/05/2024 18:22:19	Gathering column master keys
02/05/2024 18:22:19	Gathering external data sources
02/05/2024 18:22:19	Gathering external file formats
02/05/2024 18:22:19	Gathering external tables
02/05/2024 18:22:19	Gathering extended properties
02/05/2024 18:22:19	Gathering assemblies
02/05/2024 18:22:20	Scanning project for duplicate elements
02/05/2024 18:22:20	Finished duplicate element processing
02/05/2024 18:22:21	Finished importing database.
02/05/2024 18:22:21	A summary of the import was saved to the following location: R:\documentos\github\curso_tdd_csharp_2024\Database1\Database1\Import Schema Logs\Database1_20240502092155.log
02/05/2024 18:22:21	Click Finish to continue...
